PARAMETER FILE: ../Parameters/SEA/FlowForm/Spain/Obj8/25Demands/onlineParameters.txt
Getting input file paths...
Getting topology file...
... /mnt/c/FlexOptim/RSA/Parameters/SEA/FlowForm/Spain/Link.csv
WARNING: Field 'initialMappingDemandFile=' is empty.
WARNING: Field 'initialMappingAssignmentFile=' is empty.
Getting GNPY parameters...
Getting formulation parameters...
Getting optimization parameters...
Getting execution parameters...
Getting subgradient parameters...
Populating online demand files...
Finish reading input.
TOPOLOGY FILE: /mnt/c/FlexOptim/RSA/Parameters/SEA/FlowForm/Spain/Link.csv
ROUTED DEMANDS FILE: 
INITIAL ASSIGNMENT FILE: 
All information from input is consistent.
> Number of online demand files: 1
--- READING INSTANCE... --- 
--- CREATING INITIAL MAPPING... --- 
Reading /mnt/c/FlexOptim/RSA/Parameters/SEA/FlowForm/Spain/Link.csv.
Creating edge #1. 1 -- 3. nb slices: 30, length: 280, cost: 1
Creating edge #2. 1 -- 5. nb slices: 30, length: 250, cost: 1
Creating edge #3. 1 -- 2. nb slices: 30, length: 460, cost: 1
Creating edge #4. 1 -- 4. nb slices: 30, length: 350, cost: 1
Creating edge #5. 2 -- 3. nb slices: 30, length: 280, cost: 1
Creating edge #6. 2 -- 5. nb slices: 30, length: 230, cost: 1
Creating edge #7. 3 -- 4. nb slices: 30, length: 320, cost: 1
Starting with an empty initial mapping. 
0 are present in the initial mapping.
--- READING NEW DEMANDS TO BE ROUTED... --- 
Reading /mnt/c/FlexOptim/RSA/Parameters/SEA/FlowForm/Spain/Obj8/25Demands/Demand/Demand.csv ...
out

--- The Non Routed Demands ---
#1. 3 -- 5. nbSlices: 4, maxLength: 1500, ROUTED: NO
#2. 2 -- 4. nbSlices: 3, maxLength: 3000, ROUTED: NO
#3. 2 -- 3. nbSlices: 3, maxLength: 3000, ROUTED: NO
#4. 1 -- 2. nbSlices: 5, maxLength: 1500, ROUTED: NO
#5. 1 -- 2. nbSlices: 6, maxLength: 600, ROUTED: NO
#6. 3 -- 5. nbSlices: 4, maxLength: 1500, ROUTED: NO
#7. 4 -- 5. nbSlices: 6, maxLength: 600, ROUTED: NO
#8. 3 -- 1. nbSlices: 6, maxLength: 600, ROUTED: NO
#9. 5 -- 4. nbSlices: 3, maxLength: 3000, ROUTED: NO
#10. 2 -- 5. nbSlices: 5, maxLength: 1500, ROUTED: NO
#11. 3 -- 1. nbSlices: 6, maxLength: 600, ROUTED: NO
#12. 2 -- 4. nbSlices: 6, maxLength: 600, ROUTED: NO
#13. 3 -- 2. nbSlices: 3, maxLength: 3000, ROUTED: NO
#14. 2 -- 3. nbSlices: 3, maxLength: 3000, ROUTED: NO
#15. 2 -- 5. nbSlices: 4, maxLength: 1500, ROUTED: NO
#16. 2 -- 5. nbSlices: 4, maxLength: 1500, ROUTED: NO
#17. 4 -- 5. nbSlices: 3, maxLength: 3000, ROUTED: NO
#18. 2 -- 3. nbSlices: 6, maxLength: 600, ROUTED: NO
#19. 5 -- 4. nbSlices: 3, maxLength: 3000, ROUTED: NO
#20. 5 -- 2. nbSlices: 6, maxLength: 600, ROUTED: NO
#21. 5 -- 3. nbSlices: 4, maxLength: 1500, ROUTED: NO
#22. 4 -- 5. nbSlices: 5, maxLength: 1500, ROUTED: NO
#23. 2 -- 1. nbSlices: 6, maxLength: 600, ROUTED: NO
#24. 4 -- 5. nbSlices: 3, maxLength: 3000, ROUTED: NO
#25. 5 -- 2. nbSlices: 6, maxLength: 600, ROUTED: NO

25 demands to be routed.
--- ROUTING DEMANDS --- 
#1 (3, 5), requiring 4 slices and having Max length 1500
#2 (2, 4), requiring 3 slices and having Max length 3000
#3 (2, 3), requiring 3 slices and having Max length 3000
#4 (1, 2), requiring 5 slices and having Max length 1500
#5 (1, 2), requiring 6 slices and having Max length 600
#6 (3, 5), requiring 4 slices and having Max length 1500
#7 (4, 5), requiring 6 slices and having Max length 600
#8 (3, 1), requiring 6 slices and having Max length 600
#9 (5, 4), requiring 3 slices and having Max length 3000
#10 (2, 5), requiring 5 slices and having Max length 1500
#11 (3, 1), requiring 6 slices and having Max length 600
#12 (2, 4), requiring 6 slices and having Max length 600
#13 (3, 2), requiring 3 slices and having Max length 3000
#14 (2, 3), requiring 3 slices and having Max length 3000
#15 (2, 5), requiring 4 slices and having Max length 1500
#16 (2, 5), requiring 4 slices and having Max length 1500
#17 (4, 5), requiring 3 slices and having Max length 3000
#18 (2, 3), requiring 6 slices and having Max length 600
#19 (5, 4), requiring 3 slices and having Max length 3000
#20 (5, 2), requiring 6 slices and having Max length 600
#21 (5, 3), requiring 4 slices and having Max length 1500
#22 (4, 5), requiring 5 slices and having Max length 1500
#23 (2, 1), requiring 6 slices and having Max length 600
#24 (4, 5), requiring 3 slices and having Max length 3000
#25 (5, 2), requiring 6 slices and having Max length 600
--> THE DIFFERENT ROUTING LOADS: 4, 3, 5, 6.
--- Flow formulation has been chosen. |K| = 25, |S| = 30. ---
Flow variables have been defined...
Max slice variables have been defined...
Max slice overall variable has been defined...
Source constraints have been defined...
Flow conservation constraints have been defined...
Target constraints have been defined...
Length constraints have been defined...
Non-Overlapping constraints has been defined...
Max Used Slice Per Link constraints have been defined...
Max Used Slice Overall constraints have been defined...
Max Used Slice Overall2 constraints have been defined...
Max Used Slice Overall3 constraints have been defined...
Flow Node cuts have been defined...
Flow Edge cuts have been defined...
Objective obj_8 has been defined.
--- Flow formulation has been defined ---
--- CPLEX has been initialized ---
CPLEX parameters have been defined...
CPLEX variables have been defined...
CPLEX constraints have been defined...
CPLEX objective has been defined...
LP model has been exported.
Solving...
Chosen objective: obj_8
Version identifier: 12.10.0.0 | 2019-11-26 | 843d4de
CPXPARAM_MIP_Display                             3
CPXPARAM_TimeLimit                               7200
Tried aggregator 3 times.
MIP Presolve eliminated 1327 rows and 3191 columns.
MIP Presolve modified 14406 coefficients.
Aggregator did 654 substitutions.
Reduced MIP has 1913 rows, 3795 columns, and 60864 nonzeros.
Reduced MIP has 3794 binaries, 0 generals, 0 SOSs, and 0 indicators.
Presolve time = 0.27 sec. (348.58 ticks)
Found incumbent of value 30.000000 after 1.26 sec. (1664.43 ticks)
Probing fixed 138 vars, tightened 0 bounds.
Probing time = 0.09 sec. (111.31 ticks)
Tried aggregator 1 time.
Detecting symmetries...
MIP Presolve eliminated 5 rows and 138 columns.
MIP Presolve modified 62 coefficients.
Reduced MIP has 1908 rows, 3657 columns, and 58759 nonzeros.
Reduced MIP has 3656 binaries, 0 generals, 0 SOSs, and 0 indicators.
Presolve time = 0.04 sec. (44.89 ticks)
Probing time = 0.01 sec. (7.34 ticks)
Clique table members: 5238.
MIP emphasis: balance optimality and feasibility.
MIP search method: dynamic search.
Parallel mode: deterministic, using up to 8 threads.
Root relaxation solution time = 0.36 sec. (404.31 ticks)

        Nodes                                         Cuts/
   Node  Left     Objective  IInf  Best Integer    Best Bound    ItCnt     Gap

*     0+    0                           30.0000        5.0000            83.33%
Found incumbent of value 30.000000 after 1.79 sec. (2259.51 ticks)
      0     0       29.0000   293       30.0000       29.0000       30    3.33%
*     0+    0                           29.0000       29.0000             0.00%
Found incumbent of value 29.000000 after 2.20 sec. (2745.35 ticks)
      0     0        cutoff             29.0000       29.0000       30    0.00%
Elapsed time = 2.20 sec. (2745.84 ticks, tree = 0.01 MB, solutions = 2)

Root node processing (before b&c):
  Real time             =    2.20 sec. (2746.24 ticks)
Parallel b&c, 8 threads:
  Real time             =    0.00 sec. (0.00 ticks)
  Sync time (average)   =    0.00 sec.
  Wait time (average)   =    0.00 sec.
                          ------------
Total (root+branch&cut) =    2.20 sec. (2746.24 ticks)
Objective Function Value: 29
Optimization done in 2.20738 secs.
Status: Optimal
Objective Function Value: 29
x(1,3,1,27) = 1
x(1,1,5,27) = 1
x(2,2,1,26) = 1
x(2,1,4,26) = 1
x(3,2,1,14) = 1
x(3,1,3,14) = 1
x(4,1,2,11) = 1
x(5,1,2,6) = 1
x(6,2,5,30) = 1
x(6,3,2,30) = 1
x(7,4,1,6) = 1
x(7,1,5,6) = 1
x(8,3,1,20) = 1
x(9,5,1,30) = 1
x(9,3,4,30) = 1
x(9,1,3,30) = 1
x(10,4,1,20) = 1
x(10,2,3,20) = 1
x(10,3,4,20) = 1
x(10,1,5,20) = 1
x(11,3,1,11) = 1
x(12,2,3,6) = 1
x(12,3,4,6) = 1
x(13,3,2,23) = 1
x(14,2,3,9) = 1
x(15,2,5,14) = 1
x(16,2,5,10) = 1
x(17,4,3,23) = 1
x(17,3,1,23) = 1
x(17,1,5,23) = 1
x(18,2,3,15) = 1
x(19,2,3,26) = 1
x(19,5,2,26) = 1
x(19,3,4,26) = 1
x(20,5,2,6) = 1
x(21,4,3,15) = 1
x(21,5,1,15) = 1
x(21,1,4,15) = 1
x(22,4,1,11) = 1
x(22,1,5,11) = 1
x(23,2,1,20) = 1
x(24,4,1,23) = 1
x(24,2,5,23) = 1
x(24,1,2,23) = 1
x(25,5,2,20) = 1
maxSlice(1) = 30
maxSlice(2) = 30
maxSlice(3) = 30
maxSlice(4) = 30
maxSlice(5) = 30
maxSlice(6) = 30
maxSlice(7) = 30
maxSliceOverall = 29
Update RSA
Feasible

--- Slice occupation ---
#1.      *************************
#2. ******************************
#3. **************************    
#4. **************************    
#5. ******************************
#6. ******************************
#7. ******     *************** ***

For demand 1 : 
(3--1, 27)
(1--5, 27)

For demand 2 : 
(2--1, 26)
(1--4, 26)

For demand 3 : 
(2--1, 14)
(1--3, 14)

For demand 4 : 
(1--2, 11)

For demand 5 : 
(1--2, 6)

For demand 6 : 
(2--5, 30)
(3--2, 30)

For demand 7 : 
(4--1, 6)
(1--5, 6)

For demand 8 : 
(3--1, 20)

For demand 9 : 
(5--1, 30)
(3--4, 30)
(1--3, 30)

For demand 10 : 
(4--1, 20)
(2--3, 20)
(3--4, 20)
(1--5, 20)

For demand 11 : 
(3--1, 11)

For demand 12 : 
(2--3, 6)
(3--4, 6)

For demand 13 : 
(3--2, 23)

For demand 14 : 
(2--3, 9)

For demand 15 : 
(2--5, 14)

For demand 16 : 
(2--5, 10)

For demand 17 : 
(4--3, 23)
(3--1, 23)
(1--5, 23)

For demand 18 : 
(2--3, 15)

For demand 19 : 
(2--3, 26)
(5--2, 26)
(3--4, 26)

For demand 20 : 
(5--2, 6)

For demand 21 : 
(4--3, 15)
(5--1, 15)
(1--4, 15)

For demand 22 : 
(4--1, 11)
(1--5, 11)

For demand 23 : 
(2--1, 20)

For demand 24 : 
(4--1, 23)
(2--5, 23)
(1--2, 23)

For demand 25 : 
(5--2, 20)

Output Demand_1
Output EdgeSliceHols: Demand_1
Time taken by iteration is : 2.991621 sec
Output Demand_FINAL
Output EdgeSliceHols: Demand_FINAL

--- The Demands ---
#1. 3 -- 5. nbSlices: 4, maxLength: 1500.000000000, ROUTED: YES
#2. 2 -- 4. nbSlices: 3, maxLength: 3000.000000000, ROUTED: YES
#3. 2 -- 3. nbSlices: 3, maxLength: 3000.000000000, ROUTED: YES
#4. 1 -- 2. nbSlices: 5, maxLength: 1500.000000000, ROUTED: YES
#5. 1 -- 2. nbSlices: 6, maxLength: 600.000000000, ROUTED: YES
#6. 3 -- 5. nbSlices: 4, maxLength: 1500.000000000, ROUTED: YES
#7. 4 -- 5. nbSlices: 6, maxLength: 600.000000000, ROUTED: YES
#8. 3 -- 1. nbSlices: 6, maxLength: 600.000000000, ROUTED: YES
#9. 5 -- 4. nbSlices: 3, maxLength: 3000.000000000, ROUTED: YES
#10. 2 -- 5. nbSlices: 5, maxLength: 1500.000000000, ROUTED: YES
#11. 3 -- 1. nbSlices: 6, maxLength: 600.000000000, ROUTED: YES
#12. 2 -- 4. nbSlices: 6, maxLength: 600.000000000, ROUTED: YES
#13. 3 -- 2. nbSlices: 3, maxLength: 3000.000000000, ROUTED: YES
#14. 2 -- 3. nbSlices: 3, maxLength: 3000.000000000, ROUTED: YES
#15. 2 -- 5. nbSlices: 4, maxLength: 1500.000000000, ROUTED: YES
#16. 2 -- 5. nbSlices: 4, maxLength: 1500.000000000, ROUTED: YES
#17. 4 -- 5. nbSlices: 3, maxLength: 3000.000000000, ROUTED: YES
#18. 2 -- 3. nbSlices: 6, maxLength: 600.000000000, ROUTED: YES
#19. 5 -- 4. nbSlices: 3, maxLength: 3000.000000000, ROUTED: YES
#20. 5 -- 2. nbSlices: 6, maxLength: 600.000000000, ROUTED: YES
#21. 5 -- 3. nbSlices: 4, maxLength: 1500.000000000, ROUTED: YES
#22. 4 -- 5. nbSlices: 5, maxLength: 1500.000000000, ROUTED: YES
#23. 2 -- 1. nbSlices: 6, maxLength: 600.000000000, ROUTED: YES
#24. 4 -- 5. nbSlices: 3, maxLength: 3000.000000000, ROUTED: YES
#25. 5 -- 2. nbSlices: 6, maxLength: 600.000000000, ROUTED: YES

Time taken by optimization is : 2.998572300 sec
Total time taken by program is : 3.002655600 sec
